[17:12:48] [ServerMain/INFO]: Environment: authHost='https://authserver.mojang.com', accountsHost='https://api.mojang.com', sessionHost='https://sessionserver.mojang.com', servicesHost='https://api.minecraftservices.com', name='PROD'
[17:12:48] [ServerMain/WARN]: Ambiguity between arguments [teleport, location] and [teleport, destination] with inputs: [0.1 -0.5 .9, 0 0 0]
[17:12:48] [ServerMain/WARN]: Ambiguity between arguments [teleport, location] and [teleport, targets] with inputs: [0.1 -0.5 .9, 0 0 0]
[17:12:48] [ServerMain/WARN]: Ambiguity between arguments [teleport, destination] and [teleport, targets] with inputs: [Player, 0123, @e, dd12be42-52a9-4a91-a8a1-11c01849e498]
[17:12:48] [ServerMain/WARN]: Ambiguity between arguments [teleport, targets] and [teleport, destination] with inputs: [Player, 0123, dd12be42-52a9-4a91-a8a1-11c01849e498]
[17:12:48] [ServerMain/WARN]: Ambiguity between arguments [teleport, targets, location] and [teleport, targets, destination] with inputs: [0.1 -0.5 .9, 0 0 0]
[17:12:48] [ServerMain/INFO]: Reloading ResourceManager: Default
[17:12:49] [Worker-Main-9/INFO]: Loaded 7 recipes
[17:12:49] [Worker-Main-9/INFO]: Loaded 1141 advancements
[17:12:51] [Server thread/INFO]: Starting minecraft server version 1.18.1
[17:12:51] [Server thread/INFO]: Loading properties
[17:12:51] [Server thread/INFO]: Default game type: SURVIVAL
[17:12:51] [Server thread/INFO]: Generating keypair
[17:12:51] [Server console handler/ERROR]: Exception handling console input
java.io.IOException: A leíró érvénytelen
	at java.io.FileInputStream.readBytes(Native Method) ~[?:?]
	at java.io.FileInputStream.read(FileInputStream.java:276) ~[?:?]
	at java.io.BufferedInputStream.read1(BufferedInputStream.java:282) ~[?:?]
	at java.io.BufferedInputStream.read(BufferedInputStream.java:343) ~[?:?]
	at sun.nio.cs.StreamDecoder.readBytes(StreamDecoder.java:270) ~[?:?]
	at sun.nio.cs.StreamDecoder.implRead(StreamDecoder.java:313) ~[?:?]
	at sun.nio.cs.StreamDecoder.read(StreamDecoder.java:188) ~[?:?]
	at java.io.InputStreamReader.read(InputStreamReader.java:177) ~[?:?]
	at java.io.BufferedReader.fill(BufferedReader.java:162) ~[?:?]
	at java.io.BufferedReader.readLine(BufferedReader.java:329) ~[?:?]
	at java.io.BufferedReader.readLine(BufferedReader.java:396) ~[?:?]
	at acj$1.run(SourceFile:101) [server-1.18.1.jar:?]
[17:12:52] [Server thread/INFO]: Starting Minecraft server on 25.56.72.178:25565
[17:12:52] [Server thread/INFO]: Using default channel type
[17:12:53] [Server thread/WARN]: **** SERVER IS RUNNING IN OFFLINE/INSECURE MODE!
[17:12:53] [Server thread/WARN]: The server will make no attempt to authenticate usernames. Beware.
[17:12:53] [Server thread/WARN]: While this makes the game possible to play without internet access, it also opens up the ability for hackers to connect with any username they choose.
[17:12:53] [Server thread/WARN]: To change this, set "online-mode" to "true" in the server.properties file.
[17:12:53] [Server thread/INFO]: Preparing level "world"
[17:12:53] [Server thread/INFO]: Preparing start region for dimension minecraft:overworld
[17:12:54] [Worker-Main-6/INFO]: Preparing spawn area: 0%
[17:12:56] [Worker-Main-8/INFO]: Preparing spawn area: 0%
[17:12:56] [Worker-Main-8/INFO]: Preparing spawn area: 0%
[17:12:56] [Worker-Main-8/INFO]: Preparing spawn area: 0%
[17:12:56] [Worker-Main-8/INFO]: Preparing spawn area: 0%
[17:12:56] [Worker-Main-8/INFO]: Preparing spawn area: 0%
[17:12:56] [Worker-Main-8/INFO]: Preparing spawn area: 0%
[17:12:56] [Worker-Main-6/INFO]: Preparing spawn area: 0%
[17:12:57] [Worker-Main-10/INFO]: Preparing spawn area: 0%
[17:12:57] [Worker-Main-10/INFO]: Preparing spawn area: 0%
[17:12:58] [Worker-Main-9/INFO]: Preparing spawn area: 3%
[17:12:58] [Worker-Main-9/INFO]: Preparing spawn area: 4%
[17:12:59] [Worker-Main-9/INFO]: Preparing spawn area: 6%
[17:12:59] [Worker-Main-9/INFO]: Preparing spawn area: 14%
[17:13:00] [Worker-Main-10/INFO]: Preparing spawn area: 32%
[17:13:00] [Worker-Main-8/INFO]: Preparing spawn area: 45%
[17:13:01] [Worker-Main-10/INFO]: Preparing spawn area: 85%
[17:13:02] [Server thread/INFO]: Time elapsed: 8776 ms
[17:13:02] [Server thread/INFO]: Done (9.002s)! For help, type "help"
[17:15:24] [Server thread/INFO]: somajomate[/25.56.72.178:52616] logged in with entity id 87 at (6137.02858490128, 120.0, -1014.3780738150874)
[17:15:24] [Server thread/INFO]: somajomate joined the game
[17:16:01] [Server thread/INFO]: Csabi26[/25.50.16.234:58458] logged in with entity id 457 at (6074.183882383805, 74.9375, -737.0423657889979)
[17:16:01] [Server thread/INFO]: Csabi26 joined the game
[17:16:06] [Server thread/INFO]: somajomate lost connection: Disconnected
[17:16:06] [Server thread/INFO]: somajomate left the game
[17:18:01] [Server thread/INFO]: somajomate[/25.56.72.178:53686] logged in with entity id 912 at (6133.3602659147655, 120.0, -1006.623678828339)
[17:18:01] [Server thread/INFO]: somajomate joined the game
[17:31:20] [Server thread/INFO]: somajomate lost connection: Disconnected
[17:31:20] [Server thread/INFO]: somajomate left the game
[17:37:26] [Server thread/INFO]: somajomate[/25.56.72.178:53744] logged in with entity id 5449 at (6168.740747264898, 80.0, -960.2182810188349)
[17:37:26] [Server thread/INFO]: somajomate joined the game
[17:43:15] [Server thread/INFO]: somajomate lost connection: Disconnected
[17:43:15] [Server thread/INFO]: somajomate left the game
[17:43:25] [Server thread/INFO]: somajomate[/25.56.72.178:53761] logged in with entity id 7362 at (6058.300000011921, 95.0, -767.4867890685422)
[17:43:25] [Server thread/INFO]: somajomate joined the game
[17:54:46] [Server thread/INFO]: somajomate lost connection: Disconnected
[17:54:46] [Server thread/INFO]: somajomate left the game
[17:54:59] [Server thread/INFO]: somajomate[/25.56.72.178:53788] logged in with entity id 10393 at (6028.699999988079, 99.0, -769.15825881642)
[17:54:59] [Server thread/INFO]: somajomate joined the game
[17:57:29] [Server thread/INFO]: OGGame[/25.86.199.144:58335] logged in with entity id 10928 at (6021.794721250026, 109.0, -727.1633239062083)
[17:57:29] [Server thread/INFO]: OGGame joined the game
[18:06:28] [Server thread/INFO]: somajomate lost connection: Disconnected
[18:06:28] [Server thread/INFO]: somajomate left the game
[18:06:39] [Server thread/INFO]: somajomate[/25.56.72.178:53819] logged in with entity id 13279 at (6112.367713469471, 76.0, -890.8101416268408)
[18:06:39] [Server thread/INFO]: somajomate joined the game
[18:21:15] [Server thread/INFO]: somajomate lost connection: Disconnected
[18:21:15] [Server thread/INFO]: somajomate left the game
[18:27:54] [Server thread/INFO]: Csabi26 lost connection: Disconnected
[18:27:54] [Server thread/INFO]: Csabi26 left the game
[18:43:04] [Server thread/INFO]: OGGame lost connection: Disconnected
[18:43:04] [Server thread/INFO]: OGGame left the game
[19:02:47] [Server thread/INFO]: Stopping the server
[19:02:47] [Server thread/INFO]: Stopping server
[19:02:47] [Server thread/INFO]: Saving players
[19:02:47] [Server thread/INFO]: Saving worlds
[19:02:47] [Server thread/INFO]: Saving chunks for level 'ServerLevel[world]'/minecraft:overworld
[19:02:47] [Server thread/INFO]: Saving chunks for level 'ServerLevel[world]'/minecraft:the_nether
[19:02:47] [Server thread/INFO]: Saving chunks for level 'ServerLevel[world]'/minecraft:the_end
[19:02:47] [Server thread/INFO]: ThreadedAnvilChunkStorage (world): All chunks are saved
[19:02:47] [Server thread/INFO]: ThreadedAnvilChunkStorage (DIM-1): All chunks are saved
[19:02:47] [Server thread/INFO]: ThreadedAnvilChunkStorage (DIM1): All chunks are saved
[19:02:47] [Server thread/INFO]: ThreadedAnvilChunkStorage: All dimensions are saved
